  313190731_PROYECTO_GPO12.cpp
C:\Users\I-M-E\Downloads\CGIHC\Lab\proyecto\Repositorio\313190731_ProyectoFinal_Gpo12\ProyectoFinal\ProyectoFinal\modelAnim.h(104,44): warning C4244: '=': conversión de 'double' a 'float'; posible pérdida de datos
C:\Users\I-M-E\Downloads\CGIHC\Lab\proyecto\Repositorio\313190731_ProyectoFinal_Gpo12\ProyectoFinal\ProyectoFinal\modelAnim.h(519,24): warning C4244: 'inicializando': conversión de 'double' a 'float'; posible pérdida de datos
C:\Users\I-M-E\Downloads\CGIHC\Lab\proyecto\Repositorio\313190731_ProyectoFinal_Gpo12\ProyectoFinal\ProyectoFinal\313190731_PROYECTO_GPO12.cpp(533,24): warning C4244: 'inicializando': conversión de 'double' a 'GLfloat'; posible pérdida de datos
C:\Users\I-M-E\Downloads\CGIHC\Lab\proyecto\Repositorio\313190731_ProyectoFinal_Gpo12\ProyectoFinal\ProyectoFinal\313190731_PROYECTO_GPO12.cpp(571,21): warning C4244: '=': conversión de 'double' a 'T'; posible pérdida de datos
          with
          [
              T=float
          ]
C:\Users\I-M-E\Downloads\CGIHC\Lab\proyecto\Repositorio\313190731_ProyectoFinal_Gpo12\ProyectoFinal\ProyectoFinal\313190731_PROYECTO_GPO12.cpp(572,21): warning C4244: '=': conversión de 'double' a 'T'; posible pérdida de datos
          with
          [
              T=float
          ]
C:\Users\I-M-E\Downloads\CGIHC\Lab\proyecto\Repositorio\313190731_ProyectoFinal_Gpo12\ProyectoFinal\ProyectoFinal\313190731_PROYECTO_GPO12.cpp(573,21): warning C4244: '=': conversión de 'double' a 'T'; posible pérdida de datos
          with
          [
              T=float
          ]
C:\Users\I-M-E\Downloads\CGIHC\Lab\proyecto\Repositorio\313190731_ProyectoFinal_Gpo12\ProyectoFinal\ProyectoFinal\313190731_PROYECTO_GPO12.cpp(1524,11): warning C4244: '=': conversión de 'double' a 'GLfloat'; posible pérdida de datos
C:\Users\I-M-E\Downloads\CGIHC\Lab\proyecto\Repositorio\313190731_ProyectoFinal_Gpo12\ProyectoFinal\ProyectoFinal\313190731_PROYECTO_GPO12.cpp(1525,11): warning C4244: '=': conversión de 'double' a 'GLfloat'; posible pérdida de datos
C:\Users\I-M-E\Downloads\CGIHC\Lab\proyecto\Repositorio\313190731_ProyectoFinal_Gpo12\ProyectoFinal\ProyectoFinal\313190731_PROYECTO_GPO12.cpp(1529,18): warning C4244: 'inicializando': conversión de 'double' a 'GLfloat'; posible pérdida de datos
C:\Users\I-M-E\Downloads\CGIHC\Lab\proyecto\Repositorio\313190731_ProyectoFinal_Gpo12\ProyectoFinal\ProyectoFinal\313190731_PROYECTO_GPO12.cpp(1530,18): warning C4244: 'inicializando': conversión de 'double' a 'GLfloat'; posible pérdida de datos
C:\Users\I-M-E\Downloads\CGIHC\Lab\proyecto\Repositorio\313190731_ProyectoFinal_Gpo12\ProyectoFinal\ProyectoFinal\313190731_PROYECTO_GPO12.cpp(1532,10): warning C4244: '=': conversión de 'double' a 'GLfloat'; posible pérdida de datos
C:\Users\I-M-E\Downloads\CGIHC\Lab\proyecto\Repositorio\313190731_ProyectoFinal_Gpo12\ProyectoFinal\ProyectoFinal\313190731_PROYECTO_GPO12.cpp(1533,10): warning C4244: '=': conversión de 'double' a 'GLfloat'; posible pérdida de datos
soil2-debug.lib(SOIL2.obj) : warning LNK4075: se omite '/EDITANDCONTINUE' debido a la especificación '/OPT:ICF'
LINK : warning LNK4098: la biblioteca predeterminada'MSVCRTD' entra en conflicto con otras bibliotecas; use la biblioteca /NODEFAULTLIB:biblioteca
  Generando código
  Previous IPDB not found, fall back to full compilation.
  All 689 functions were compiled because no usable IPDB/IOBJ from previous compilation was found.
  Generación de código finalizada
soil2-debug.lib(etc1_utils.obj) : warning LNK4099: no se encontró PDB 'soil2-debug.pdb' con 'soil2-debug.lib(etc1_utils.obj)' o en 'C:\Users\I-M-E\Downloads\CGIHC\Lab\proyecto\Repositorio\313190731_ProyectoFinal_Gpo12\ProyectoFinal\Release\soil2-debug.pdb'; se vinculará el objeto sin tener en cuenta información de depuración
soil2-debug.lib(image_DXT.obj) : warning LNK4099: no se encontró PDB 'soil2-debug.pdb' con 'soil2-debug.lib(image_DXT.obj)' o en 'C:\Users\I-M-E\Downloads\CGIHC\Lab\proyecto\Repositorio\313190731_ProyectoFinal_Gpo12\ProyectoFinal\Release\soil2-debug.pdb'; se vinculará el objeto sin tener en cuenta información de depuración
soil2-debug.lib(image_helper.obj) : warning LNK4099: no se encontró PDB 'soil2-debug.pdb' con 'soil2-debug.lib(image_helper.obj)' o en 'C:\Users\I-M-E\Downloads\CGIHC\Lab\proyecto\Repositorio\313190731_ProyectoFinal_Gpo12\ProyectoFinal\Release\soil2-debug.pdb'; se vinculará el objeto sin tener en cuenta información de depuración
soil2-debug.lib(SOIL2.obj) : warning LNK4099: no se encontró PDB 'soil2-debug.pdb' con 'soil2-debug.lib(SOIL2.obj)' o en 'C:\Users\I-M-E\Downloads\CGIHC\Lab\proyecto\Repositorio\313190731_ProyectoFinal_Gpo12\ProyectoFinal\Release\soil2-debug.pdb'; se vinculará el objeto sin tener en cuenta información de depuración
  ProyectoFinal.vcxproj -> C:\Users\I-M-E\Downloads\CGIHC\Lab\proyecto\Repositorio\313190731_ProyectoFinal_Gpo12\ProyectoFinal\Release\ProyectoFinal.exe
